#
# There is insufficient memory for the Java Runtime Environment to continue.
# Native memory allocation (malloc) failed to allocate 32744 bytes for ChunkPool::allocate
# Possible reasons:
#   The system is out of physical RAM or swap space
#   The process is running with CompressedOops enabled, and the Java Heap may be blocking the growth of the native heap
# Possible solutions:
#   Reduce memory load on the system
#   Increase physical memory or swap space
#   Check if swap backing store is full
#   Decrease Java heap size (-Xmx/-Xms)
#   Decrease number of Java threads
#   Decrease Java thread stack sizes (-Xss)
#   Set larger code cache with -XX:ReservedCodeCacheSize=
#   JVM is running with Zero Based Compressed Oops mode in which the Java heap is
#     placed in the first 32GB address space. The Java Heap base address is the
#     maximum limit for the native heap growth. Please use -XX:HeapBaseMinAddress
#     to set the Java Heap base and to place the Java Heap above 32GB virtual address.
# This output file may be truncated or incomplete.
#
#  Out of Memory Error (allocation.cpp:272), pid=2168, tid=0x00000000000007c0
#
# JRE version: OpenJDK Runtime Environment (8.0_412-b08) (build 1.8.0_412-b08)
# Java VM: OpenJDK 64-Bit Server VM (25.412-b08 mixed mode windows-amd64 compressed oops)
# Failed to write core dump. Minidumps are not enabled by default on client versions of Windows
#

---------------  T H R E A D  ---------------

Current thread (0x0000012cfe688000):  JavaThread "C2 CompilerThread1" daemon [_thread_in_native, id=1984, stack(0x0000002bd8a00000,0x0000002bd8b00000)]

Stack: [0x0000002bd8a00000,0x0000002bd8b00000]
[error occurred during error reporting (printing stack bounds), id 0xc0000005]

Native frames: (J=compiled Java code, j=interpreted, Vv=VM code, C=native code)


Current CompileTask:
C2:  16847 4930       4       org.objectweb.asm.ClassReader::accept (1404 bytes)


---------------  P R O C E S S  ---------------

Java Threads: ( => current thread )
  0x0000012c91644800 JavaThread "pool-2-thread-1" daemon [_thread_in_native, id=2656, stack(0x0000002bd9900000,0x0000002bd9a00000)]
  0x0000012c89602000 JavaThread "Thread-3" daemon [_thread_in_vm, id=1272, stack(0x0000002bd9800000,0x0000002bd9900000)]
  0x0000012c88243800 JavaThread "Thread-2" daemon [_thread_in_native, id=3488, stack(0x0000002bd9100000,0x0000002bd9200000)]
  0x0000012c888f6800 JavaThread "Thread-1" daemon [_thread_blocked, id=5944, stack(0x0000002bd9000000,0x0000002bd9100000)]
  0x0000012cffbad000 JavaThread "ForkJoinPool.commonPool-worker-1" daemon [_thread_blocked, id=6344, stack(0x0000002bd8e00000,0x0000002bd8f00000)]
  0x0000012cfe6ff800 JavaThread "Service Thread" daemon [_thread_blocked, id=2568, stack(0x0000002bd8c00000,0x0000002bd8d00000)]
  0x0000012cfe6f3000 JavaThread "C1 CompilerThread2" daemon [_thread_blocked, id=8068, stack(0x0000002bd8b00000,0x0000002bd8c00000)]
=>0x0000012cfe688000 JavaThread "C2 CompilerThread1" daemon [_thread_in_native, id=1984, stack(0x0000002bd8a00000,0x0000002bd8b00000)]
  0x0000012cfe686000 JavaThread "C2 CompilerThread0" daemon [_thread_in_native, id=5604, stack(0x0000002bd8900000,0x0000002bd8a00000)]
  0x0000012cfe682000 JavaThread "Attach Listener" daemon [_thread_blocked, id=3784, stack(0x0000002bd8800000,0x0000002bd8900000)]
  0x0000012cfe69b000 JavaThread "Signal Dispatcher" daemon [_thread_blocked, id=2084, stack(0x0000002bd8700000,0x0000002bd8800000)]
  0x0000012cfe669800 JavaThread "Finalizer" daemon [_thread_blocked, id=2068, stack(0x0000002bd8600000,0x0000002bd8700000)]
  0x0000012cfe667000 JavaThread "Reference Handler" daemon [_thread_blocked, id=7316, stack(0x0000002bd8500000,0x0000002bd8600000)]
  0x0000012ceb975000 JavaThread "main" [_thread_blocked, id=8860, stack(0x0000002bd7f00000,0x0000002bd8000000)]

Other Threads:
  0x0000012cfe63d800 VMThread [stack: 0x0000002bd8400000,0x0000002bd8500000] [id=5928]
  0x0000012cfe70c800 WatcherThread [stack: 0x0000002bd8d00000,0x0000002bd8e00000] [id=7256]

VM state:not at safepoint (normal execution)

VM Mutex/Monitor currently owned by a thread:  ([mutex/lock_event])
[0x0000012ceb96eae0] AdapterHandlerLibrary_lock - owner thread: 0x0000012c89602000

heap address: 0x00000006c1c00000, size: 4068 MB, Compressed Oops mode: Zero based, Oop shift amount: 3
Narrow klass base: 0x0000000000000000, Narrow klass shift: 3
Compressed class space size: 1073741824 Address: 0x00000007c0000000

Heap:
 PSYoungGen      total 255488K, used 85157K [0x000000076b400000, 0x000000077cf80000, 0x00000007c0000000)
  eden space 220672K, 38% used [0x000000076b400000,0x0000000770729560,0x0000000778b80000)
  from space 34816K, 0% used [0x0000000778b80000,0x0000000778b80000,0x000000077ad80000)
  to   space 34304K, 0% used [0x000000077ae00000,0x000000077ae00000,0x000000077cf80000)
 ParOldGen       total 199168K, used 38856K [0x00000006c1c00000, 0x00000006cde80000, 0x000000076b400000)
  object space 199168K, 19% used [0x00000006c1c00000,0x00000006c41f22b0,0x00000006cde80000)
 Metaspace       used 34663K, capacity 36708K, committed 36980K, reserved 1081344K
  class space    used 4088K, capacity 4682K, committed 4736K, reserved 1048576K

Card table byte_map: [0x0000012cfc6f0000,0x0000012cfcef0000] byte_map_base: 0x0000012cf90e2000

Marking Bits: (ParMarkBitMap*) 0x0000000066cc0830
 Begin Bits: [0x0000012c80000000, 0x0000012c83f90000)
 End Bits:   [0x0000012c83f90000, 0x0000012c87f20000)

Polling page: 0x0000012cebb30000

CodeCache: size=245760Kb used=15909Kb max_used=15921Kb free=229850Kb
 bounds [0x0000012ced330000, 0x0000012cee2d0000, 0x0000012cfc330000]
 total_blobs=5614 nmethods=4532 adapters=994
 compilation: enabled

Compilation events (10 events):
Event: 16.827 Thread 0x0000012cfe688000 4927       4       java.util.stream.AbstractPipeline::wrapAndCopyInto (18 bytes)
Event: 16.827 Thread 0x0000012cfe6f3000 nmethod 4925 0x0000012cee2c2950 code [0x0000012cee2c2ae0, 0x0000012cee2c2f70]
Event: 16.827 Thread 0x0000012cfe6f3000 4926       3       net.minecraftforge.fml.loading.moddiscovery.ModFieldVisitor::visitAnnotation (40 bytes)
Event: 16.828 Thread 0x0000012cfe6f3000 nmethod 4926 0x0000012cee2c0990 code [0x0000012cee2c0b80, 0x0000012cee2c1490]
Event: 16.831 Thread 0x0000012cfe6f3000 4929       3       sun.reflect.ClassFileAssembler::getLength (11 bytes)
Event: 16.831 Thread 0x0000012cfe6f3000 nmethod 4929 0x0000012cee2c0510 code [0x0000012cee2c0680, 0x0000012cee2c0878]
Event: 16.831 Thread 0x0000012cfe688000 nmethod 4927 0x0000012cee2bfe10 code [0x0000012cee2bff80, 0x0000012cee2c01e8]
Event: 16.832 Thread 0x0000012cfe688000 4928       4       org.objectweb.asm.Type::equals (147 bytes)
Event: 16.840 Thread 0x0000012cfe688000 nmethod 4928 0x0000012cee2bf610 code [0x0000012cee2bf760, 0x0000012cee2bfb98]
Event: 16.840 Thread 0x0000012cfe688000 4930       4       org.objectweb.asm.ClassReader::accept (1404 bytes)

GC Heap History (10 events):
Event: 10.699 GC heap before
{Heap before GC invocations=5 (full 1):
 PSYoungGen      total 76288K, used 76275K [0x000000076b400000, 0x0000000773f00000, 0x00000007c0000000)
  eden space 65536K, 100% used [0x000000076b400000,0x000000076f400000,0x000000076f400000)
  from space 10752K, 99% used [0x000000076f400000,0x000000076fe7cda8,0x000000076fe80000)
  to   space 10752K, 0% used [0x0000000773480000,0x0000000773480000,0x0000000773f00000)
 ParOldGen       total 113664K, used 12723K [0x00000006c1c00000, 0x00000006c8b00000, 0x000000076b400000)
  object space 113664K, 11% used [0x00000006c1c00000,0x00000006c286cea8,0x00000006c8b00000)
 Metaspace       used 25009K, capacity 26032K, committed 26240K, reserved 1073152K
  class space    used 2824K, capacity 3083K, committed 3200K, reserved 1048576K
Event: 10.779 GC heap after
Heap after GC invocations=5 (full 1):
 PSYoungGen      total 131584K, used 10738K [0x000000076b400000, 0x0000000773f80000, 0x00000007c0000000)
  eden space 120832K, 0% used [0x000000076b400000,0x000000076b400000,0x0000000772a00000)
  from space 10752K, 99% used [0x0000000773480000,0x0000000773efcb50,0x0000000773f00000)
  to   space 10752K, 0% used [0x0000000772a00000,0x0000000772a00000,0x0000000773480000)
 ParOldGen       total 113664K, used 39293K [0x00000006c1c00000, 0x00000006c8b00000, 0x000000076b400000)
  object space 113664K, 34% used [0x00000006c1c00000,0x00000006c425f618,0x00000006c8b00000)
 Metaspace       used 25009K, capacity 26032K, committed 26240K, reserved 1073152K
  class space    used 2824K, capacity 3083K, committed 3200K, reserved 1048576K
}
Event: 13.595 GC heap before
{Heap before GC invocations=6 (full 1):
 PSYoungGen      total 131584K, used 131570K [0x000000076b400000, 0x0000000773f80000, 0x00000007c0000000)
  eden space 120832K, 100% used [0x000000076b400000,0x0000000772a00000,0x0000000772a00000)
  from space 10752K, 99% used [0x0000000773480000,0x0000000773efcb50,0x0000000773f00000)
  to   space 10752K, 0% used [0x0000000772a00000,0x0000000772a00000,0x0000000773480000)
 ParOldGen       total 113664K, used 39293K [0x00000006c1c00000, 0x00000006c8b00000, 0x000000076b400000)
  object space 113664K, 34% used [0x00000006c1c00000,0x00000006c425f618,0x00000006c8b00000)
 Metaspace       used 32521K, capacity 34208K, committed 34304K, reserved 1079296K
  class space    used 3817K, capacity 4344K, committed 4352K, reserved 1048576K
Event: 13.631 GC heap after
Heap after GC invocations=6 (full 1):
 PSYoungGen      total 131584K, used 10721K [0x000000076b400000, 0x000000077d100000, 0x00000007c0000000)
  eden space 120832K, 0% used [0x000000076b400000,0x000000076b400000,0x0000000772a00000)
  from space 10752K, 99% used [0x0000000772a00000,0x0000000773478490,0x0000000773480000)
  to   space 35840K, 0% used [0x000000077ae00000,0x000000077ae00000,0x000000077d100000)
 ParOldGen       total 113664K, used 54655K [0x00000006c1c00000, 0x00000006c8b00000, 0x000000076b400000)
  object space 113664K, 48% used [0x00000006c1c00000,0x00000006c515fc18,0x00000006c8b00000)
 Metaspace       used 32521K, capacity 34208K, committed 34304K, reserved 1079296K
  class space    used 3817K, capacity 4344K, committed 4352K, reserved 1048576K
}
Event: 14.348 GC heap before
{Heap before GC invocations=7 (full 1):
 PSYoungGen      total 131584K, used 93930K [0x000000076b400000, 0x000000077d100000, 0x00000007c0000000)
  eden space 120832K, 68% used [0x000000076b400000,0x0000000770542440,0x0000000772a00000)
  from space 10752K, 99% used [0x0000000772a00000,0x0000000773478490,0x0000000773480000)
  to   space 35840K, 0% used [0x000000077ae00000,0x000000077ae00000,0x000000077d100000)
 ParOldGen       total 113664K, used 54655K [0x00000006c1c00000, 0x00000006c8b00000, 0x000000076b400000)
  object space 113664K, 48% used [0x00000006c1c00000,0x00000006c515fc18,0x00000006c8b00000)
 Metaspace       used 33445K, capacity 35448K, committed 35752K, reserved 1081344K
  class space    used 3953K, capacity 4549K, committed 4608K, reserved 1048576K
Event: 14.381 GC heap after
Heap after GC invocations=7 (full 1):
 PSYoungGen      total 254976K, used 21651K [0x000000076b400000, 0x000000077cf80000, 0x00000007c0000000)
  eden space 220672K, 0% used [0x000000076b400000,0x000000076b400000,0x0000000778b80000)
  from space 34304K, 63% used [0x000000077ae00000,0x000000077c324e10,0x000000077cf80000)
  to   space 34816K, 0% used [0x0000000778b80000,0x0000000778b80000,0x000000077ad80000)
 ParOldGen       total 113664K, used 54663K [0x00000006c1c00000, 0x00000006c8b00000, 0x000000076b400000)
  object space 113664K, 48% used [0x00000006c1c00000,0x00000006c5161c18,0x00000006c8b00000)
 Metaspace       used 33445K, capacity 35448K, committed 35752K, reserved 1081344K
  class space    used 3953K, capacity 4549K, committed 4608K, reserved 1048576K
}
Event: 15.198 GC heap before
{Heap before GC invocations=8 (full 1):
 PSYoungGen      total 254976K, used 34372K [0x000000076b400000, 0x000000077cf80000, 0x00000007c0000000)
  eden space 220672K, 5% used [0x000000076b400000,0x000000076c06c4f8,0x0000000778b80000)
  from space 34304K, 63% used [0x000000077ae00000,0x000000077c324e10,0x000000077cf80000)
  to   space 34816K, 0% used [0x0000000778b80000,0x0000000778b80000,0x000000077ad80000)
 ParOldGen       total 113664K, used 54663K [0x00000006c1c00000, 0x00000006c8b00000, 0x000000076b400000)
  object space 113664K, 48% used [0x00000006c1c00000,0x00000006c5161c18,0x00000006c8b00000)
 Metaspace       used 33866K, capacity 35798K, committed 35828K, reserved 1081344K
  class space    used 3997K, capacity 4598K, committed 4608K, reserved 1048576K
Event: 15.278 GC heap after
Heap after GC invocations=8 (full 1):
 PSYoungGen      total 255488K, used 12840K [0x000000076b400000, 0x000000077cf80000, 0x00000007c0000000)
  eden space 220672K, 0% used [0x000000076b400000,0x000000076b400000,0x0000000778b80000)
  from space 34816K, 36% used [0x0000000778b80000,0x000000077980a200,0x000000077ad80000)
  to   space 34304K, 0% used [0x000000077ae00000,0x000000077ae00000,0x000000077cf80000)
 ParOldGen       total 113664K, used 54671K [0x00000006c1c00000, 0x00000006c8b00000, 0x000000076b400000)
  object space 113664K, 48% used [0x00000006c1c00000,0x00000006c5163c18,0x00000006c8b00000)
 Metaspace       used 33866K, capacity 35798K, committed 35828K, reserved 1081344K
  class space    used 3997K, capacity 4598K, committed 4608K, reserved 1048576K
}
Event: 15.278 GC heap before
{Heap before GC invocations=9 (full 2):
 PSYoungGen      total 255488K, used 12840K [0x000000076b400000, 0x000000077cf80000, 0x00000007c0000000)
  eden space 220672K, 0% used [0x000000076b400000,0x000000076b400000,0x0000000778b80000)
  from space 34816K, 36% used [0x0000000778b80000,0x000000077980a200,0x000000077ad80000)
  to   space 34304K, 0% used [0x000000077ae00000,0x000000077ae00000,0x000000077cf80000)
 ParOldGen       total 113664K, used 54671K [0x00000006c1c00000, 0x00000006c8b00000, 0x000000076b400000)
  object space 113664K, 48% used [0x00000006c1c00000,0x00000006c5163c18,0x00000006c8b00000)
 Metaspace       used 33866K, capacity 35798K, committed 35828K, reserved 1081344K
  class space    used 3997K, capacity 4598K, committed 4608K, reserved 1048576K
Event: 15.529 GC heap after
Heap after GC invocations=9 (full 2):
 PSYoungGen      total 255488K, used 0K [0x000000076b400000, 0x000000077cf80000, 0x00000007c0000000)
  eden space 220672K, 0% used [0x000000076b400000,0x000000076b400000,0x0000000778b80000)
  from space 34816K, 0% used [0x0000000778b80000,0x0000000778b80000,0x000000077ad80000)
  to   space 34304K, 0% used [0x000000077ae00000,0x000000077ae00000,0x000000077cf80000)
 ParOldGen       total 199168K, used 38856K [0x00000006c1c00000, 0x00000006cde80000, 0x000000076b400000)
  object space 199168K, 19% used [0x00000006c1c00000,0x00000006c41f22b0,0x00000006cde80000)
 Metaspace       used 33866K, capacity 35798K, committed 35828K, reserved 1081344K
  class space    used 3997K, capacity 4598K, committed 4608K, reserved 1048576K
}

Deoptimization events (10 events):
Event: 15.696 Thread 0x0000012ceb975000 Uncommon trap: reason=class_check action=maybe_recompile pc=0x0000012ced5126f8 method=java.lang.String.equals(Ljava/lang/Object;)Z @ 8
Event: 16.328 Thread 0x0000012ceb975000 Uncommon trap: reason=unstable_if action=reinterpret pc=0x0000012ced8f032c method=java.util.concurrent.locks.AbstractQueuedSynchronizer.doReleaseShared()V @ 6
Event: 16.328 Thread 0x0000012ceb975000 Uncommon trap: reason=unstable_if action=reinterpret pc=0x0000012ced6f0d54 method=java.util.concurrent.locks.AbstractQueuedSynchronizer.apparentlyFirstQueuedIsExclusive()Z @ 6
Event: 16.328 Thread 0x0000012c91644800 Uncommon trap: reason=unstable_if action=reinterpret pc=0x0000012ceddaf1d4 method=java.util.concurrent.locks.AbstractQueuedSynchronizer.apparentlyFirstQueuedIsExclusive()Z @ 6
Event: 16.663 Thread 0x0000012ceb975000 Uncommon trap: reason=unstable_if action=reinterpret pc=0x0000012cee275b64 method=java.util.regex.Pattern$Curly.match0(Ljava/util/regex/Matcher;IILjava/lang/CharSequence;)Z @ 130
Event: 16.663 Thread 0x0000012ceb975000 Uncommon trap: reason=unstable_if action=reinterpret pc=0x0000012ced5caed8 method=java.util.Formatter$Flags.contains(Ljava/util/Formatter$Flags;)Z @ 13
Event: 16.738 Thread 0x0000012ceb975000 Uncommon trap: reason=class_check action=maybe_recompile pc=0x0000012cee1fab08 method=org.objectweb.asm.ClassReader.accept(Lorg/objectweb/asm/ClassVisitor;[Lorg/objectweb/asm/Attribute;I)V @ 813
Event: 16.740 Thread 0x0000012ceb975000 Uncommon trap: reason=class_check action=maybe_recompile pc=0x0000012cee1fab08 method=org.objectweb.asm.ClassReader.accept(Lorg/objectweb/asm/ClassVisitor;[Lorg/objectweb/asm/Attribute;I)V @ 813
Event: 16.741 Thread 0x0000012ceb975000 Uncommon trap: reason=class_check action=maybe_recompile pc=0x0000012cee1fab08 method=org.objectweb.asm.ClassReader.accept(Lorg/objectweb/asm/ClassVisitor;[Lorg/objectweb/asm/Attribute;I)V @ 813
Event: 16.827 Thread 0x0000012ceb975000 Uncommon trap: reason=class_check action=maybe_recompile pc=0x0000012cee1fab08 method=org.objectweb.asm.ClassReader.accept(Lorg/objectweb/asm/ClassVisitor;[Lorg/objectweb/asm/Attribute;I)V @ 813

Classes redefined (0 events):
No events

Internal exceptions (10 events):
Event: 14.131 Thread 0x0000012ceb975000 Exception <a 'java/lang/NoSuchMethodError': java.lang.Object.of(Ljava/lang/Object;)Ljava/util/stream/Stream;> (0x000000076f095240) thrown at [C:\workspace\openjdk-build\workspace\build\src\hotspot\src\share\vm\interpreter\linkResolver.cpp, line 620]
Event: 14.131 Thread 0x0000012ceb975000 Exception <a 'java/lang/NoSuchMethodError': java.lang.Object.empty()Ljava/util/stream/Stream;> (0x000000076f097c58) thrown at [C:\workspace\openjdk-build\workspace\build\src\hotspot\src\share\vm\interpreter\linkResolver.cpp, line 620]
Event: 14.134 Thread 0x0000012ceb975000 Implicit null exception at 0x0000012ced623644 to 0x0000012ced623a09
Event: 14.347 Thread 0x0000012ceb975000 Exception <a 'sun/nio/fs/WindowsException'> (0x00000007702a6950) thrown at [C:\workspace\openjdk-build\workspace\build\src\hotspot\src\share\vm\prims\jni.cpp, line 712]
Event: 16.783 Thread 0x0000012ceb975000 Exception <a 'sun/nio/fs/WindowsException'> (0x000000076e4351d0) thrown at [C:\workspace\openjdk-build\workspace\build\src\hotspot\src\share\vm\prims\jni.cpp, line 712]
Event: 16.783 Thread 0x0000012ceb975000 Exception <a 'sun/nio/fs/WindowsException'> (0x000000076e435840) thrown at [C:\workspace\openjdk-build\workspace\build\src\hotspot\src\share\vm\prims\jni.cpp, line 712]
Event: 16.783 Thread 0x0000012ceb975000 Exception <a 'sun/nio/fs/WindowsException'> (0x000000076e436340) thrown at [C:\workspace\openjdk-build\workspace\build\src\hotspot\src\share\vm\prims\jni.cpp, line 712]
Event: 16.783 Thread 0x0000012ceb975000 Exception <a 'sun/nio/fs/WindowsException'> (0x000000076e436bb8) thrown at [C:\workspace\openjdk-build\workspace\build\src\hotspot\src\share\vm\prims\jni.cpp, line 712]
Event: 16.783 Thread 0x0000012ceb975000 Exception <a 'sun/nio/fs/WindowsException'> (0x000000076e437898) thrown at [C:\workspace\openjdk-build\workspace\build\src\hotspot\src\share\vm\prims\jni.cpp, line 712]
Event: 16.784 Thread 0x0000012ceb975000 Exception <a 'sun/nio/fs/WindowsException'> (0x000000076e437f08) thrown at [C:\workspace\openjdk-build\workspace\build\src\hotspot\src\share\vm\prims\jni.cpp, line 712]

Events (10 events):
Event: 16.805 Thread 0x0000012ceb975000 DEOPT UNPACKING pc=0x0000012ced3775d8 sp=0x0000002bd7ffada8 mode 0
Event: 16.809 loading class cpw/mods/modlauncher/ClassTransformer
Event: 16.810 loading class cpw/mods/modlauncher/ClassTransformer done
Event: 16.819 Thread 0x0000012c91644800 DEOPT PACKING pc=0x0000012cee1d9f3c sp=0x0000002bd99fe5b0
Event: 16.819 Thread 0x0000012c91644800 DEOPT UNPACKING pc=0x0000012ced3775d8 sp=0x0000002bd99fe4b8 mode 0
Event: 16.823 loading class it/unimi/dsi/fastutil/Hash$Strategy
Event: 16.823 loading class it/unimi/dsi/fastutil/Hash$Strategy done
Event: 16.827 Thread 0x0000012ceb975000 Uncommon trap: trap_request=0xffffffde fr.pc=0x0000012cee1fab08
Event: 16.827 Thread 0x0000012ceb975000 DEOPT PACKING pc=0x0000012cee1fab08 sp=0x0000002bd7ffb810
Event: 16.827 Thread 0x0000012ceb975000 DEOPT UNPACKING pc=0x0000012ced375583 sp=0x0000002bd7ffb738 mode 2


Dynamic libraries:
0x00007ff743bf0000 - 0x00007ff743c41000 	C:\Users\Your Worst Nightmare\.gradle\jdks\jdk8u412-b08\bin\java.exe
0x00007ffd93f50000 - 0x00007ffd94148000 	C:\Windows\SYSTEM32\ntdll.dll
0x00007ffd91fa0000 - 0x00007ffd9205d000 	C:\Windows\System32\KERNEL32.DLL
0x00007ffd91ca0000 - 0x00007ffd91f96000 	C:\Windows\System32\KERNELBASE.dll
0x00007ffd92c00000 - 0x00007ffd92cb3000 	C:\Windows\System32\ADVAPI32.dll
0x00007ffd92cc0000 - 0x00007ffd92d5e000 	C:\Windows\System32\msvcrt.dll
0x00007ffd93e70000 - 0x00007ffd93f0f000 	C:\Windows\System32\sechost.dll
0x00007ffd93340000 - 0x00007ffd93466000 	C:\Windows\System32\RPCRT4.dll
0x00007ffd91c70000 - 0x00007ffd91c97000 	C:\Windows\System32\bcrypt.dll
0x00007ffd93470000 - 0x00007ffd9360e000 	C:\Windows\System32\USER32.dll
0x00007ffd91830000 - 0x00007ffd91852000 	C:\Windows\System32\win32u.dll
0x00007ffd92a00000 - 0x00007ffd92a2c000 	C:\Windows\System32\GDI32.dll
0x00007ffd91b50000 - 0x00007ffd91c6a000 	C:\Windows\System32\gdi32full.dll
0x00007ffd91620000 - 0x00007ffd916bd000 	C:\Windows\System32\msvcp_win.dll
0x00007ffd91730000 - 0x00007ffd91830000 	C:\Windows\System32\ucrtbase.dll
0x00007ffd7de30000 - 0x00007ffd7e0ca000 	C:\Windows\WinSxS\amd64_microsoft.windows.common-controls_6595b64144ccf1df_6.0.19041.3636_none_60b6a03d71f818d5\COMCTL32.dll
0x00007ffd92280000 - 0x00007ffd922b0000 	C:\Windows\System32\IMM32.DLL
0x00007ffd66ec0000 - 0x00007ffd66ed5000 	C:\Users\Your Worst Nightmare\.gradle\jdks\jdk8u412-b08\jre\bin\vcruntime140.dll
0x00007ffd5e880000 - 0x00007ffd5e91b000 	C:\Users\Your Worst Nightmare\.gradle\jdks\jdk8u412-b08\jre\bin\msvcp140.dll
0x00000000664e0000 - 0x0000000066d39000 	C:\Users\Your Worst Nightmare\.gradle\jdks\jdk8u412-b08\jre\bin\server\jvm.dll
0x00007ffd93790000 - 0x00007ffd93798000 	C:\Windows\System32\PSAPI.DLL
0x00007ffd88920000 - 0x00007ffd88929000 	C:\Windows\SYSTEM32\WSOCK32.dll
0x00007ffd937a0000 - 0x00007ffd9380b000 	C:\Windows\System32\WS2_32.dll
0x00007ffd779c0000 - 0x00007ffd779e7000 	C:\Windows\SYSTEM32\WINMM.dll
0x00007ffd7eb60000 - 0x00007ffd7eb6a000 	C:\Windows\SYSTEM32\VERSION.dll
0x00007ffd8fe60000 - 0x00007ffd8fe72000 	C:\Windows\SYSTEM32\kernel.appcore.dll
0x00007ffd7af10000 - 0x00007ffd7af20000 	C:\Users\Your Worst Nightmare\.gradle\jdks\jdk8u412-b08\jre\bin\verify.dll
0x00007ffd66e90000 - 0x00007ffd66ebb000 	C:\Users\Your Worst Nightmare\.gradle\jdks\jdk8u412-b08\jre\bin\java.dll
0x00007ffd66e20000 - 0x00007ffd66e38000 	C:\Users\Your Worst Nightmare\.gradle\jdks\jdk8u412-b08\jre\bin\zip.dll
0x00007ffd922b0000 - 0x00007ffd929f5000 	C:\Windows\System32\SHELL32.dll
0x00007ffd8c290000 - 0x00007ffd8ca2b000 	C:\Windows\SYSTEM32\windows.storage.dll
0x00007ffd92e30000 - 0x00007ffd93184000 	C:\Windows\System32\combase.dll
0x00007ffd91050000 - 0x00007ffd9107d000 	C:\Windows\SYSTEM32\Wldp.dll
0x00007ffd93270000 - 0x00007ffd9331d000 	C:\Windows\System32\SHCORE.dll
0x00007ffd93730000 - 0x00007ffd93785000 	C:\Windows\System32\shlwapi.dll
0x00007ffd91550000 - 0x00007ffd91575000 	C:\Windows\SYSTEM32\profapi.dll
0x00007ffd7ab40000 - 0x00007ffd7ab4d000 	C:\Users\Your Worst Nightmare\.gradle\jdks\jdk8u412-b08\jre\bin\management.dll
0x00007ffd66e00000 - 0x00007ffd66e1c000 	C:\Users\Your Worst Nightmare\.gradle\jdks\jdk8u412-b08\jre\bin\net.dll
0x00007ffd90db0000 - 0x00007ffd90e1a000 	C:\Windows\system32\mswsock.dll
0x00007ffd70a90000 - 0x00007ffd70aa7000 	C:\Windows\system32\napinsp.dll
0x00007ffd70ab0000 - 0x00007ffd70acb000 	C:\Windows\system32\pnrpnsp.dll
0x00007ffd88ff0000 - 0x00007ffd89005000 	C:\Windows\system32\wshbth.dll
0x00007ffd89ab0000 - 0x00007ffd89acd000 	C:\Windows\system32\NLAapi.dll
0x00007ffd90a50000 - 0x00007ffd90a8b000 	C:\Windows\SYSTEM32\IPHLPAPI.DLL
0x00007ffd90aa0000 - 0x00007ffd90b6a000 	C:\Windows\SYSTEM32\DNSAPI.dll
0x00007ffd92bf0000 - 0x00007ffd92bf8000 	C:\Windows\System32\NSI.dll
0x00007ffd73020000 - 0x00007ffd73032000 	C:\Windows\System32\winrnr.dll
0x00007ffd886a0000 - 0x00007ffd886aa000 	C:\Windows\System32\rasadhlp.dll
0x00007ffd82060000 - 0x00007ffd820e0000 	C:\Windows\System32\fwpuclnt.dll
0x00007ffd66de0000 - 0x00007ffd66df3000 	C:\Users\Your Worst Nightmare\.gradle\jdks\jdk8u412-b08\jre\bin\nio.dll
0x00007ffd62090000 - 0x00007ffd620b4000 	C:\Users\Your Worst Nightmare\.gradle\jdks\jdk8u412-b08\jre\bin\sunec.dll
0x00007ffd90fa0000 - 0x00007ffd90fb8000 	C:\Windows\SYSTEM32\CRYPTSP.dll
0x00007ffd90670000 - 0x00007ffd906a4000 	C:\Windows\system32\rsaenh.dll
0x00007ffd91510000 - 0x00007ffd9153e000 	C:\Windows\SYSTEM32\USERENV.dll
0x00007ffd91860000 - 0x00007ffd918e2000 	C:\Windows\System32\bcryptprimitives.dll
0x00007ffd90fc0000 - 0x00007ffd90fcc000 	C:\Windows\SYSTEM32\CRYPTBASE.dll
0x00007ffd821f0000 - 0x00007ffd82207000 	C:\Windows\SYSTEM32\dhcpcsvc6.DLL
0x00007ffd822a0000 - 0x00007ffd822bd000 	C:\Windows\SYSTEM32\dhcpcsvc.DLL
0x00007ffd5fef0000 - 0x00007ffd5ff62000 	C:\Users\Your Worst Nightmare\AppData\Local\Temp\lwjglYour Worst Nightmare\3.2.2-build-10\lwjgl.dll
0x00007ffd504e0000 - 0x00007ffd50731000 	C:\Users\YOURWO~1\AppData\Local\Temp\lwjglYour Worst Nightmare\3.2.2-build-10\jemalloc.dll
0x00007ffd5f990000 - 0x00007ffd5f9ee000 	C:\Users\YOURWO~1\AppData\Local\Temp\lwjglYour Worst Nightmare\3.2.2-build-10\glfw.dll
0x00007ffd8bb20000 - 0x00007ffd8bbbe000 	C:\Windows\system32\uxtheme.dll
0x00007ffd6f840000 - 0x00007ffd6f885000 	C:\Windows\SYSTEM32\dinput8.dll
0x00007ffd7afa0000 - 0x00007ffd7afb1000 	C:\Windows\SYSTEM32\xinput1_4.dll
0x00007ffd919a0000 - 0x00007ffd919ee000 	C:\Windows\System32\cfgmgr32.dll
0x00007ffd913b0000 - 0x00007ffd913e3000 	C:\Windows\SYSTEM32\DEVOBJ.dll
0x00007ffd8bf80000 - 0x00007ffd8bfaf000 	C:\Windows\SYSTEM32\dwmapi.dll
0x00007ffd93610000 - 0x00007ffd93724000 	C:\Windows\System32\MSCTF.dll
0x00007ffd92d60000 - 0x00007ffd92e2d000 	C:\Windows\System32\OLEAUT32.dll
0x00007ffd8ca30000 - 0x00007ffd8ca3d000 	C:\Windows\SYSTEM32\HID.DLL
0x00007ffd93810000 - 0x00007ffd93c7e000 	C:\Windows\System32\SETUPAPI.DLL
0x00007ffd916c0000 - 0x00007ffd91727000 	C:\Windows\System32\WINTRUST.dll
0x00007ffd919f0000 - 0x00007ffd91b4d000 	C:\Windows\System32\CRYPT32.dll
0x00007ffd911e0000 - 0x00007ffd911f2000 	C:\Windows\SYSTEM32\MSASN1.dll
0x00007ffd815c0000 - 0x00007ffd81712000 	C:\Windows\SYSTEM32\inputhost.dll
0x00007ffd8b6b0000 - 0x00007ffd8b7a2000 	C:\Windows\SYSTEM32\CoreMessaging.dll
0x00007ffd89d20000 - 0x00007ffd89e16000 	C:\Windows\SYSTEM32\PROPSYS.dll
0x00007ffd8ab30000 - 0x00007ffd8ac85000 	C:\Windows\SYSTEM32\wintypes.dll
0x00007ffd8ade0000 - 0x00007ffd8b13b000 	C:\Windows\SYSTEM32\CoreUIComponents.dll
0x00007ffd90790000 - 0x00007ffd907c3000 	C:\Windows\SYSTEM32\ntmarta.dll
0x00007ffd749c0000 - 0x00007ffd74ae5000 	C:\Windows\SYSTEM32\opengl32.dll
0x00007ffd74990000 - 0x00007ffd749bc000 	C:\Windows\SYSTEM32\GLU32.dll
0x00007ffd93dc0000 - 0x00007ffd93e69000 	C:\Windows\System32\clbcatq.dll
0x00007ffd4b0d0000 - 0x00007ffd4c175000 	C:\Windows\System32\DriverStore\FileRepository\iigd_dch.inf_amd64_d0e181bba89305c6\ig9icd64.dll
0x00007ffd92060000 - 0x00007ffd9218b000 	C:\Windows\System32\ole32.dll
0x00007ffd8fed0000 - 0x00007ffd8ffc3000 	C:\Windows\system32\dxgi.dll
0x00007ffd50940000 - 0x00007ffd50a6c000 	C:\Windows\System32\DriverStore\FileRepository\iigd_dch.inf_amd64_d0e181bba89305c6\igdml64.dll
0x00007ffd85c10000 - 0x00007ffd86019000 	C:\Windows\System32\DriverStore\FileRepository\iigd_dch.inf_amd64_d0e181bba89305c6\igdgmm64.dll
0x00007ffd82470000 - 0x00007ffd85c06000 	C:\Windows\System32\DriverStore\FileRepository\iigd_dch.inf_amd64_d0e181bba89305c6\igc64.dll
0x00007ffd90bc0000 - 0x00007ffd90c0b000 	C:\Windows\SYSTEM32\powrprof.dll
0x00007ffd90a30000 - 0x00007ffd90a42000 	C:\Windows\SYSTEM32\UMPDC.dll
0x00007ffd55cd0000 - 0x00007ffd55d4f000 	C:\Users\Your Worst Nightmare\AppData\Local\Temp\lwjglYour Worst Nightmare\3.2.2-build-10\lwjgl_stb.dll
0x00007ffd889c0000 - 0x00007ffd88a6e000 	C:\Windows\SYSTEM32\mscms.dll
0x00007ffd88950000 - 0x00007ffd88961000 	C:\Windows\SYSTEM32\ColorAdapterClient.dll
0x00007ffd679a0000 - 0x00007ffd679e3000 	C:\Windows\SYSTEM32\icm32.dll
0x00007ffd81720000 - 0x00007ffd81819000 	C:\Windows\SYSTEM32\textinputframework.dll
0x00007ffd7bdf0000 - 0x00007ffd7be56000 	C:\Windows\system32\Oleacc.dll
0x00007ffd55ad0000 - 0x00007ffd55b28000 	C:\Users\Your Worst Nightmare\AppData\Local\Temp\lwjglYour Worst Nightmare\3.2.2-build-10\lwjgl_opengl.dll

VM Arguments:
jvm_args: -Dforge.logging.console.level=debug -Dforge.logging.markers=REGISTRIES -Dos.version=10.0 -XX:+IgnoreUnrecognizedVMOptions --add-exports=java.base/sun.security.util=ALL-UNNAMED --add-exports=jdk.naming.dns/com.sun.jndi.dns=java.naming --add-opens=java.base/java.util.jar=ALL-UNNAMED -XX:HeapDumpPath=MojangTricksIntelDriversForPerformance_javaw.exe_minecraft.exe.heapdump -Dos.name=Windows 10 -Dfile.encoding=windows-1252 -Duser.country=US -Duser.language=en -Duser.variant 
java_command: net.minecraftforge.userdev.LaunchTesting
java_class_path (initial): D:\Mods\aseoha\Aseoha\build\classes\java\main;D:\Mods\aseoha\Aseoha\build\resources\main;C:\Users\Your Worst Nightmare\.gradle\caches\forge_gradle\deobf_dependencies\com\gitlab\Spectre0987\TardisMod\1.5.4_mapped_official_1.16.5\TardisMod-1.5.4_mapped_official_1.16.5.jar;D:\Mods\aseoha\Aseoha\build\fg_cache\net\minecraftforge\forge\1.16.5-36.2.34_mapped_official_1.16.5\forge-1.16.5-36.2.34_mapped_official_1.16.5.jar;D:\Mods\aseoha\Aseoha\build\fg_cache\net\minecraftforge\forge\1.16.5-36.2.34_mapped_official_1.16.5\forge-1.16.5-36.2.34_mapped_official_1.16.5-launcher.jar;C:\Users\Your Worst Nightmare\.gradle\caches\forge_gradle\minecraft_repo\versions\1.16.5\client-extra.jar;C:\Users\Your Worst Nightmare\.gradle\caches\modules-2\files-2.1\net.minecraftforge\accesstransformers\3.0.1\6d23c1b9cb0607fddc38d09730796f68db96f546\accesstransformers-3.0.1.jar;C:\Users\Your Worst Nightmare\.gradle\caches\modules-2\files-2.1\net.minecraftforge\eventbus\4.0.0\260e34800723e4c098c4e247cf2b900535e01b6d\eventbus-4.0.0.jar;C:\Users\Your Worst Nightmare\.gradle\caches\modules-2\files-2.1\net.minecraftforge\coremods\4.0.6\d6d761379c841e2610abebcbf70ed20b65f728f0\coremods-4.0.6.jar;C:\Users\Your Worst Nightmare\.gradle\caches\modules-2\files-2.1\net.minecraftforge\forgespi\3.2.0\c6ca4e4e4a0343701407c760e642537b613b543\forgespi-3.2.0.jar;C:\Users\Your Worst Nightmare\.gradle\caches\modules-2\files-2.1\cpw.mods\modlauncher\8.1.3\6d0bfd78e025a87d43985e30907aa9ecbc51b2d6\modlauncher-8.1.3.jar;C:\Users\Your Worst Nightmare\.gradle\caches\modules-2\files-2.1\cpw.mods\modlauncher\8.1.3\9b48bef0af2f3e379bbe5915f5cf23bf366d8ddf\modlauncher-8.1.3-api.jar;C:\Users\Your Worst Nightmare\.gradle\caches\modules-2\files-2.1\com.google.code.findbugs\jsr305\3.0.2\25ea2e8b0c338a877313bd4672d3fe056ea78f0d\jsr305-3.0.2.jar;C:\Users\Your Worst Nightmare\.gradle\caches\modules-2\files-2.1\net.minecraftforge\mergetool\1.0.9\d1e1ba354a40b5703340b5cb02fdca489cff3646\mergetool-1.0.9-ap
Launcher Type: SUN_STANDARD

Environment Variables:
JAVA_HOME=C:\Program Files\Java\jre-1.8
CLASSPATH=D:\Mods\aseoha\Aseoha\\gradle\wrapper\gradle-wrapper.jar
PATH=C:\Program Files\Common Files\Oracle\Java\javapath;C:\Program Files (x86)\Common Files\Oracle\Java\java8path;C:\Program Files (x86)\Common Files\Oracle\Java\javapath;C:\Windows\system32;C:\Windows;C:\Windows\System32\Wbem;C:\Windows\System32\WindowsPowerShell\v1.0\;C:\Windows\System32\OpenSSH\;C:\Users\Your Worst Nightmare\AppData\Local\Microsoft\WindowsApps;C:\Windows\AtlasModules;C:\Windows\AtlasModules\Apps;C:\Windows\AtlasModules\Other;C:\Windows\AtlasModules\Tools;C:\Windows\AtlasModules\Scripts;C:\Program Files\PuTTY\;C:\Program Files\dotnet\;C:\Program Files\Git\cmd;D:\adt;D:\ffmpeg\bin;C:\Program Files\JetBrains\IntelliJ IDEA Community Edition 2024.1\bin
USERNAME=Your Worst Nightmare
OS=Windows_NT
PROCESSOR_IDENTIFIER=Intel64 Family 6 Model 142 Stepping 9, GenuineIntel



---------------  S Y S T E M  ---------------

OS: Windows 10 , 64 bit Build 19041 (10.0.19041.3636)

CPU:total 4 (initial active 4) (2 cores per cpu, 2 threads per core) family 6 model 142 stepping 9, cmov, cx8, fxsr, mmx, sse, sse2, sse3, ssse3, sse4.1, sse4.2, popcnt, avx, avx2, aes, clmul, erms, rtm, 3dnowpref, lzcnt, ht, tsc, tscinvbit, bmi1, bmi2, adx

Memory: 4k page, physical 16655224k(516080k free), swap 18752376k(5168k free)

vm_info: OpenJDK 64-Bit Server VM (25.412-b08) for windows-amd64 JRE (1.8.0_412-b08), built on Apr 17 2024 02:10:30 by "jenkins" with MS VC++ 15.9 (VS2017)

time: Fri May 17 06:55:26 2024
timezone: Venezuela Standard Time
elapsed time: 16.853795 seconds (0d 0h 0m 16s)

