JvmtiExport can_access_local_variables 0
JvmtiExport can_hotswap_or_post_breakpoint 0
JvmtiExport can_post_on_exceptions 0
# 151 ciObject found
instanceKlass it/unimi/dsi/fastutil/Hash$Strategy
instanceKlass cpw/mods/modlauncher/ClassTransformer$$Lambda$525
instanceKlass java/util/function/BooleanSupplier
instanceKlass net/minecraft/util/Util
instanceKlass java/io/FileFilter
instanceKlass java/io/FilenameFilter
instanceKlass joptsimple/internal/MethodInvokingValueConverter
instanceKlass java/net/Authenticator
instanceKlass java/net/SocketAddress
instanceKlass net/minecraft/client/main/Main
instanceKlass cpw/mods/modlauncher/SecureJarHandler$$Lambda$524
instanceKlass cpw/mods/modlauncher/SecureJarHandler$$Lambda$523
instanceKlass cpw/mods/modlauncher/SecureJarHandler$$Lambda$522
instanceKlass cpw/mods/modlauncher/SecureJarHandler$$Lambda$521
instanceKlass java/text/DigitList$1
instanceKlass org/spongepowered/asm/mixin/Implements
instanceKlass org/spongepowered/asm/util/asm/ClassNodeAdapter
instanceKlass org/spongepowered/asm/util/LanguageFeatures
instanceKlass org/spongepowered/asm/util/Counter
instanceKlass org/spongepowered/asm/mixin/injection/Surrogate
instanceKlass org/spongepowered/asm/mixin/injection/ModifyConstant
instanceKlass org/spongepowered/asm/mixin/injection/ModifyVariable
instanceKlass org/spongepowered/asm/mixin/injection/Redirect
instanceKlass org/spongepowered/asm/mixin/injection/ModifyArgs
instanceKlass org/spongepowered/asm/mixin/injection/ModifyArg
instanceKlass org/spongepowered/asm/util/logging/MessageRouter$1
instanceKlass org/spongepowered/asm/util/logging/MessageRouter$LoggingMessager
instanceKlass javax/annotation/processing/Messager
instanceKlass org/spongepowered/asm/util/logging/MessageRouter
instanceKlass org/spongepowered/asm/mixin/injection/struct/InjectionInfo$HandlerPrefix
instanceKlass org/spongepowered/asm/mixin/injection/code/Injector
instanceKlass org/spongepowered/asm/mixin/transformer/ClassContext
instanceKlass org/spongepowered/asm/mixin/injection/struct/InjectionInfo$InjectorEntry
instanceKlass org/spongepowered/asm/mixin/injection/Inject
instanceKlass org/spongepowered/asm/mixin/injection/struct/InjectionInfo$AnnotationType
instanceKlass org/spongepowered/asm/mixin/struct/AnnotatedMethodInfo
instanceKlass org/spongepowered/asm/mixin/injection/code/ISliceContext
instanceKlass org/spongepowered/asm/mixin/injection/IInjectionPointContext
instanceKlass org/spongepowered/asm/mixin/injection/selectors/ISelectorContext
instanceKlass org/spongepowered/asm/util/IMessageSink
instanceKlass org/spongepowered/asm/mixin/transformer/ActivityStack$Activity
instanceKlass org/spongepowered/asm/mixin/extensibility/IActivityContext$IActivity
instanceKlass org/spongepowered/asm/mixin/transformer/ActivityStack
instanceKlass org/spongepowered/asm/mixin/refmap/IMixinContext
instanceKlass org/spongepowered/asm/mixin/extensibility/IActivityContext
instanceKlass org/spongepowered/asm/mixin/transformer/MixinPreProcessorStandard
instanceKlass net/minecraftforge/common/asm/ObjectHolderDefinalize$$Lambda$520
instanceKlass org/spongepowered/asm/mixin/transformer/MixinConfig$1
instanceKlass org/objectweb/asm/Handler
instanceKlass org/objectweb/asm/Frame
instanceKlass org/objectweb/asm/ByteVector
instanceKlass org/objectweb/asm/Symbol
instanceKlass org/objectweb/asm/SymbolTable
instanceKlass net/minecraftforge/accesstransformer/AccessTransformerEngine$$Lambda$519
instanceKlass net/minecraftforge/accesstransformer/AccessTransformerEngine$$Lambda$518
instanceKlass net/minecraftforge/accesstransformer/parser/AccessTransformerList$$Lambda$517
instanceKlass net/minecraftforge/accesstransformer/parser/AccessTransformerList$$Lambda$516
instanceKlass net/minecraftforge/accesstransformer/parser/AccessTransformerList$$Lambda$515
instanceKlass net/minecraftforge/accesstransformer/parser/AccessTransformerList$$Lambda$514
instanceKlass net/minecraftforge/accesstransformer/parser/AccessTransformerList$$Lambda$513
instanceKlass com/google/common/collect/TransformedIterator
instanceKlass com/google/common/base/Functions
instanceKlass org/spongepowered/asm/mixin/Shadow
instanceKlass java/util/concurrent/locks/ReentrantReadWriteLock$Sync$HoldCounter
instanceKlass org/spongepowered/asm/mixin/transformer/MixinInfo$DeclaredTarget
instanceKlass org/spongepowered/asm/mixin/Pseudo
instanceKlass org/spongepowered/asm/mixin/transformer/MixinInfo$1
instanceKlass org/spongepowered/asm/mixin/transformer/MixinInfo$SubType
instanceKlass org/spongepowered/asm/util/ClassSignature$Token
instanceKlass org/spongepowered/asm/util/ClassSignature$IToken
instanceKlass org/objectweb/asm/signature/SignatureVisitor
instanceKlass org/spongepowered/asm/util/ClassSignature
instanceKlass org/spongepowered/asm/mixin/transformer/MethodMapper
instanceKlass org/objectweb/asm/tree/analysis/Interpreter
instanceKlass org/spongepowered/asm/util/Locals
instanceKlass org/spongepowered/asm/util/Bytecode
instanceKlass org/spongepowered/asm/mixin/transformer/ClassInfo$FrameData
instanceKlass org/spongepowered/asm/mixin/Mutable
instanceKlass org/spongepowered/asm/mixin/gen/Invoker
instanceKlass org/spongepowered/asm/mixin/gen/Accessor
instanceKlass org/spongepowered/asm/mixin/Debug
instanceKlass org/spongepowered/asm/mixin/Final
instanceKlass org/spongepowered/asm/mixin/Intrinsic
instanceKlass org/spongepowered/asm/mixin/Overwrite
instanceKlass org/spongepowered/asm/util/asm/IAnnotationHandle
instanceKlass org/spongepowered/asm/util/Annotations
instanceKlass org/spongepowered/asm/mixin/Unique
instanceKlass org/objectweb/asm/tree/InsnList$InsnListIterator
instanceKlass org/spongepowered/asm/mixin/transformer/ClassInfo$Member
instanceKlass org/spongepowered/asm/mixin/transformer/ClassInfo
instanceKlass org/spongepowered/asm/util/asm/ASM
instanceKlass net/minecraftforge/fml/loading/RuntimeDistCleaner$$Lambda$512
instanceKlass net/minecraftforge/fml/loading/RuntimeDistCleaner$$Lambda$511
instanceKlass net/minecraftforge/fml/loading/RuntimeDistCleaner$$Lambda$510
instanceKlass net/minecraftforge/fml/loading/RuntimeDistCleaner$$Lambda$509
instanceKlass net/minecraftforge/fml/loading/RuntimeDistCleaner$$Lambda$508
instanceKlass net/minecraftforge/fml/loading/RuntimeDistCleaner$$Lambda$507
instanceKlass net/minecraftforge/fml/loading/RuntimeDistCleaner$$Lambda$506
instanceKlass net/minecraftforge/fml/loading/RuntimeDistCleaner$$Lambda$505
instanceKlass net/minecraftforge/fml/loading/RuntimeDistCleaner$$Lambda$504
instanceKlass net/minecraftforge/fml/loading/RuntimeDistCleaner$$Lambda$503
instanceKlass net/minecraftforge/fml/loading/RuntimeDistCleaner$$Lambda$502
instanceKlass net/minecraftforge/fml/loading/RuntimeDistCleaner$$Lambda$501
instanceKlass net/minecraftforge/fml/loading/RuntimeDistCleaner$$Lambda$500
instanceKlass net/minecraftforge/common/asm/CapabilityInjectDefinalize$$Lambda$499
instanceKlass net/minecraftforge/common/asm/CapabilityInjectDefinalize$$Lambda$498
instanceKlass net/minecraftforge/common/asm/ObjectHolderDefinalize$$Lambda$497
instanceKlass net/minecraftforge/common/asm/ObjectHolderDefinalize$$Lambda$496
instanceKlass org/spongepowered/asm/mixin/transformer/MixinInfo$State
instanceKlass org/spongepowered/asm/mixin/transformer/MixinInfo
instanceKlass com/google/common/io/Closeables
instanceKlass org/spongepowered/asm/mixin/refmap/ReferenceMapper
instanceKlass com/google/common/collect/AbstractMultimap
instanceKlass com/google/common/collect/SetMultimap
instanceKlass com/google/common/collect/Multimap
instanceKlass org/spongepowered/asm/mixin/transformer/ext/extensions/ExtensionCheckInterfaces
instanceKlass org/spongepowered/asm/mixin/transformer/ext/extensions/ExtensionCheckClass
instanceKlass com/google/common/io/ByteSink
instanceKlass com/google/common/collect/TreeTraverser
instanceKlass com/google/common/io/ByteSource
instanceKlass com/google/common/io/MoreFiles
instanceKlass org/spongepowered/asm/mixin/Mixin
instanceKlass org/spongepowered/asm/util/Constants
instanceKlass org/spongepowered/asm/mixin/transformer/ext/extensions/ExtensionClassExporter
instanceKlass org/spongepowered/asm/mixin/transformer/InnerClassGenerator
instanceKlass org/spongepowered/asm/mixin/injection/invoke/arg/Args
instanceKlass org/spongepowered/asm/service/ISyntheticClassInfo
instanceKlass org/spongepowered/asm/mixin/injection/invoke/arg/ArgsClassGenerator
instanceKlass org/spongepowered/asm/mixin/transformer/DefaultExtensions$1
instanceKlass org/spongepowered/asm/mixin/transformer/ext/IExtension
instanceKlass org/spongepowered/asm/mixin/transformer/ext/IClassGenerator
instanceKlass org/spongepowered/asm/mixin/transformer/DefaultExtensions
instanceKlass org/spongepowered/asm/mixin/transformer/MixinClassGenerator
instanceKlass java/util/UUID$Holder
instanceKlass org/spongepowered/asm/mixin/transformer/MixinProcessor
instanceKlass org/spongepowered/asm/mixin/transformer/MixinCoprocessor
instanceKlass org/spongepowered/asm/mixin/transformer/ext/Extensions
instanceKlass org/spongepowered/asm/mixin/transformer/SyntheticClassRegistry
instanceKlass org/spongepowered/asm/mixin/transformer/ext/IExtensionRegistry
instanceKlass org/spongepowered/asm/service/ISyntheticClassRegistry
instanceKlass org/spongepowered/asm/transformers/TreeTransformer
instanceKlass org/spongepowered/asm/service/ILegacyClassTransformer
instanceKlass org/spongepowered/asm/service/ITransformer
instanceKlass cpw/mods/modlauncher/TransformerAuditTrail$TransformerActivity
instanceKlass cpw/mods/modlauncher/api/ITransformerActivity
instanceKlass cpw/mods/modlauncher/TransformerAuditTrail$$Lambda$495
instanceKlass cpw/mods/modlauncher/ClassTransformer$$Lambda$494
instanceKlass org/objectweb/asm/tree/TryCatchBlockNode
instanceKlass org/objectweb/asm/tree/LocalVariableNode
instanceKlass org/objectweb/asm/tree/InnerClassNode
instanceKlass org/objectweb/asm/tree/Util
instanceKlass org/objectweb/asm/ModuleVisitor
instanceKlass org/objectweb/asm/RecordComponentVisitor
instanceKlass cpw/mods/modlauncher/LaunchPluginHandler$$Lambda$493
instanceKlass net/minecraftforge/accesstransformer/parser/AccessTransformerList$$Lambda$492
instanceKlass net/minecraftforge/eventbus/EventAccessTransformer
instanceKlass net/minecraftforge/eventbus/EventSubclassTransformer
instanceKlass net/minecraftforge/eventbus/LogMarkers
instanceKlass cpw/mods/modlauncher/LaunchPluginHandler$$Lambda$491
instanceKlass cpw/mods/modlauncher/LaunchPluginHandler$$Lambda$490
instanceKlass org/spongepowered/asm/launch/Phases
instanceKlass net/minecraftforge/fml/loading/ModJarURLHandler$ModJarURLConnection$$Lambda$489
instanceKlass cpw/mods/modlauncher/TransformingClassLoader$$Lambda$488
instanceKlass cpw/mods/modlauncher/TransformingClassLoader$AutoURLConnection
instanceKlass net/minecraftforge/fml/loading/LoadingModList$1$$Lambda$487
instanceKlass cpw/mods/modlauncher/TransformingClassLoader$$Lambda$486
instanceKlass cpw/mods/modlauncher/EnumerationHelper$1
instanceKlass java/util/Collections$3
instanceKlass cpw/mods/modlauncher/EnumerationHelper$$Lambda$485
instanceKlass cpw/mods/modlauncher/EnumerationHelper$$Lambda$484
instanceKlass net/minecraftforge/fml/loading/LoadingModList$1
instanceKlass net/minecraftforge/fml/loading/FMLCommonLaunchHandler$$Lambda$483
instanceKlass cpw/mods/modlauncher/TransformingClassLoader$$Lambda$482
instanceKlass java/util/function/Predicate$$Lambda$481
instanceKlass net/minecraftforge/fml/loading/FMLLoader$$Lambda$480
instanceKlass net/minecraftforge/userdev/FMLUserdevClientLaunchProvider$$Lambda$479
instanceKlass org/spongepowered/asm/util/VersionNumber
instanceKlass org/spongepowered/asm/mixin/transformer/MixinConfig$IListener
instanceKlass com/google/gson/internal/ConstructorConstructor$8
instanceKlass com/google/gson/internal/UnsafeAllocator
instanceKlass com/google/gson/internal/ConstructorConstructor$14
instanceKlass com/google/gson/internal/Primitives
instanceKlass com/google/gson/annotations/SerializedName
instanceKlass org/spongepowered/asm/mixin/transformer/PluginHandle
instanceKlass org/spongepowered/asm/mixin/transformer/MixinConfig$OverwriteOptions
instanceKlass org/spongepowered/asm/mixin/transformer/MixinConfig$InjectorOptions
instanceKlass com/google/gson/internal/ConstructorConstructor$3
instanceKlass com/google/gson/annotations/JsonAdapter
instanceKlass org/spongepowered/asm/mixin/refmap/IReferenceMapper
instanceKlass org/spongepowered/asm/mixin/extensibility/IMixinInfo
instanceKlass org/spongepowered/asm/mixin/transformer/MixinConfig
instanceKlass org/spongepowered/asm/mixin/extensibility/IMixinConfig
instanceKlass org/spongepowered/asm/mixin/transformer/Config
instanceKlass org/spongepowered/asm/mixin/Mixins
instanceKlass org/spongepowered/asm/launch/platform/CommandLineOptions
instanceKlass cpw/mods/modlauncher/LaunchPluginHandler$$Lambda$478
instanceKlass cpw/mods/modlauncher/serviceapi/ILaunchPluginService$ITransformerLoader
instanceKlass cpw/mods/modlauncher/LaunchPluginHandler$$Lambda$477
instanceKlass cpw/mods/modlauncher/ArgumentHandler$$Lambda$476
instanceKlass cpw/mods/modlauncher/ArgumentHandler$$Lambda$475
instanceKlass cpw/mods/modlauncher/TransformingClassLoader$$Lambda$474
instanceKlass cpw/mods/modlauncher/TransformingClassLoader$$Lambda$473
instanceKlass cpw/mods/modlauncher/TransformingClassLoader$$Lambda$472
instanceKlass cpw/mods/modlauncher/TransformingClassLoader$$Lambda$471
instanceKlass java/util/stream/Nodes$ArrayNode
instanceKlass cpw/mods/modlauncher/TransformingClassLoaderBuilder$$Lambda$470
instanceKlass cpw/mods/modlauncher/TransformingClassLoaderBuilder$$Lambda$469
instanceKlass cpw/mods/modlauncher/api/ITransformerVotingContext
instanceKlass cpw/mods/modlauncher/ClassTransformer
instanceKlass cpw/mods/modlauncher/TransformingClassLoader$$Lambda$468
instanceKlass cpw/mods/modlauncher/TransformerAuditTrail
instanceKlass cpw/mods/modlauncher/EnumerationHelper$$Lambda$467
instanceKlass cpw/mods/modlauncher/EnumerationHelper$$Lambda$466
instanceKlass cpw/mods/modlauncher/EnumerationHelper
instanceKlass cpw/mods/modlauncher/TransformationServiceDecorator$$Lambda$465
instanceKlass cpw/mods/modlauncher/TransformationServicesHandler$$Lambda$464
instanceKlass cpw/mods/modlauncher/TransformationServicesHandler$$Lambda$463
instanceKlass net/minecraftforge/fml/loading/FMLCommonLaunchHandler$$Lambda$462
instanceKlass net/minecraftforge/fml/loading/FMLCommonLaunchHandler$$Lambda$461
instanceKlass net/minecraftforge/fml/loading/FMLCommonLaunchHandler$$Lambda$460
instanceKlass net/minecraftforge/fml/loading/FMLCommonLaunchHandler$$Lambda$459
instanceKlass net/minecraftforge/fml/loading/FMLCommonLaunchHandler$$Lambda$458
instanceKlass cpw/mods/modlauncher/LaunchServiceHandler$$Lambda$457
instanceKlass cpw/mods/modlauncher/TransformingClassLoaderBuilder
instanceKlass org/spongepowered/asm/launch/platform/MainAttributes
instanceKlass org/spongepowered/asm/launch/platform/container/ContainerHandleURI
instanceKlass cpw/mods/modlauncher/LaunchPluginHandler$$Lambda$456
instanceKlass cpw/mods/modlauncher/TransformList$$Lambda$455
instanceKlass cpw/mods/modlauncher/TransformList$$Lambda$454
instanceKlass cpw/mods/modlauncher/TransformerHolder
instanceKlass cpw/mods/modlauncher/TransformStore$$Lambda$453
instanceKlass cpw/mods/modlauncher/TransformStore$$Lambda$452
instanceKlass cpw/mods/modlauncher/TransformationServiceDecorator$$Lambda$451
instanceKlass cpw/mods/modlauncher/TransformationServiceDecorator$$Lambda$450
instanceKlass cpw/mods/modlauncher/TransformationServiceDecorator$$Lambda$449
instanceKlass cpw/mods/modlauncher/TransformationServiceDecorator$$Lambda$448
instanceKlass cpw/mods/modlauncher/TransformationServiceDecorator$$Lambda$447
instanceKlass cpw/mods/modlauncher/TransformTargetLabel
instanceKlass net/minecraftforge/coremod/NashornFactory$$Lambda$446
instanceKlass net/minecraftforge/coremod/transformer/CoreModBaseTransformer
instanceKlass java/util/stream/Streams$AbstractStreamBuilderImpl
instanceKlass java/util/stream/Stream$Builder
instanceKlass cpw/mods/modlauncher/api/ITransformer$Target
instanceKlass net/minecraftforge/coremod/CoreMod$1
instanceKlass net/minecraftforge/coremod/CoreMod$$Lambda$445
instanceKlass jdk/nashorn/api/scripting/ScriptObjectMirror$13
instanceKlass net/minecraftforge/coremod/CoreModEngine$$Lambda$444
instanceKlass net/minecraftforge/coremod/CoreModEngine$$Lambda$443
instanceKlass java/lang/invoke/LambdaForm$MH
instanceKlass java/lang/invoke/LambdaForm$reinvoker
instanceKlass java/lang/invoke/LambdaForm$DMH
instanceKlass java/lang/invoke/LambdaForm$BMH
instanceKlass java/lang/invoke/LambdaForm$BMH
instanceKlass java/lang/invoke/LambdaForm$BMH
instanceKlass java/lang/invoke/LambdaForm$BMH
instanceKlass java/lang/invoke/LambdaForm$BMH
instanceKlass java/lang/invoke/LambdaForm$BMH
instanceKlass java/lang/invoke/LambdaForm$MH
instanceKlass java/lang/invoke/LambdaForm$MH
instanceKlass java/lang/invoke/LambdaForm$MH
instanceKlass java/lang/invoke/LambdaForm$BMH
instanceKlass java/lang/invoke/LambdaForm$BMH
instanceKlass net/minecraftforge/fml/Logging
instanceKlass java/util/stream/Collectors$$Lambda$442
instanceKlass net/minecraftforge/fml/javafmlmod/FMLJavaModLanguageProvider$$Lambda$441
instanceKlass net/minecraftforge/fml/javafmlmod/FMLJavaModLanguageProvider$$Lambda$440
instanceKlass net/minecraftforge/fml/javafmlmod/FMLJavaModLanguageProvider$$Lambda$439
instanceKlass net/minecraftforge/fml/javafmlmod/FMLJavaModLanguageProvider$FMLModTarget
instanceKlass net/minecraftforge/fml/javafmlmod/FMLJavaModLanguageProvider$$Lambda$438
instanceKlass net/minecraftforge/fml/javafmlmod/FMLJavaModLanguageProvider$$Lambda$437
instanceKlass net/minecraftforge/fml/javafmlmod/FMLJavaModLanguageProvider$$Lambda$436
instanceKlass java/lang/invoke/LambdaForm$BMH
instanceKlass java/lang/invoke/LambdaForm$MH
instanceKlass java/lang/invoke/LambdaForm$MH
instanceKlass java/lang/invoke/LambdaForm$reinvoker
instanceKlass java/lang/invoke/LambdaForm$DMH
instanceKlass java/lang/invoke/LambdaForm$BMH
instanceKlass java/lang/invoke/LambdaForm$BMH
instanceKlass java/lang/invoke/LambdaForm$BMH
instanceKlass java/lang/invoke/LambdaForm$BMH
instanceKlass java/lang/invoke/LambdaForm$BMH
instanceKlass java/lang/invoke/LambdaForm$MH
instanceKlass java/lang/invoke/LambdaForm$MH
instanceKlass java/lang/invoke/LambdaForm$BMH
instanceKlass java/lang/invoke/LambdaForm$MH
instanceKlass java/lang/invoke/LambdaForm$DMH
instanceKlass java/lang/invoke/LambdaForm$MH
instanceKlass java/lang/invoke/LambdaForm$BMH
instanceKlass java/lang/invoke/LambdaForm$BMH
instanceKlass java/lang/invoke/LambdaForm$MH
instanceKlass java/lang/invoke/LambdaForm$reinvoker
instanceKlass java/lang/invoke/LambdaForm$MH
instanceKlass java/lang/invoke/LambdaForm$MH
instanceKlass java/lang/invoke/LambdaForm$MH
instanceKlass java/lang/invoke/LambdaForm$MH
instanceKlass java/lang/invoke/LambdaForm$BMH
instanceKlass java/lang/invoke/LambdaForm$BMH
instanceKlass java/lang/invoke/LambdaForm$BMH
instanceKlass java/lang/invoke/LambdaForm$DMH
instanceKlass java/lang/invoke/LambdaForm$MH
instanceKlass java/lang/invoke/LambdaForm$reinvoker
instanceKlass java/lang/invoke/LambdaForm$BMH
instanceKlass java/lang/invoke/LambdaForm$BMH
instanceKlass java/lang/invoke/LambdaForm$MH
instanceKlass java/lang/invoke/LambdaForm$MH
instanceKlass java/lang/invoke/LambdaForm$MH
instanceKlass java/lang/invoke/LambdaForm$BMH
instanceKlass java/lang/invoke/LambdaForm$BMH
instanceKlass java/lang/invoke/LambdaForm$BMH
instanceKlass java/lang/invoke/LambdaForm$MH
instanceKlass java/lang/invoke/LambdaForm$MH
instanceKlass java/lang/invoke/LambdaForm$MH
instanceKlass java/lang/invoke/LambdaForm$reinvoker
instanceKlass java/lang/invoke/LambdaForm$BMH
instanceKlass java/lang/invoke/LambdaForm$BMH
instanceKlass java/lang/invoke/LambdaForm$BMH
instanceKlass java/lang/invoke/LambdaForm$BMH
instanceKlass java/lang/invoke/LambdaForm$DMH
instanceKlass java/lang/invoke/LambdaForm$BMH
instanceKlass java/lang/invoke/LambdaForm$BMH
instanceKlass java/lang/invoke/LambdaForm$MH
instanceKlass java/lang/invoke/LambdaForm$MH
instanceKlass java/lang/invoke/LambdaForm$BMH
instanceKlass java/lang/invoke/LambdaForm$DMH
instanceKlass java/lang/invoke/LambdaForm$MH
instanceKlass java/lang/invoke/LambdaForm$MH
instanceKlass java/lang/invoke/LambdaForm$DMH
instanceKlass java/lang/invoke/LambdaForm$BMH
instanceKlass java/lang/invoke/LambdaForm$BMH
instanceKlass net/minecraftforge/coremod/api/ASMAPI$$Lambda$435
instanceKlass net/minecraftforge/coremod/api/ASMAPI$$Lambda$434
instanceKlass net/minecraftforge/coremod/api/ASMAPI$$Lambda$433
instanceKlass java/lang/invoke/LambdaForm$BMH
instanceKlass java/lang/invoke/LambdaForm$BMH
instanceKlass java/lang/invoke/LambdaForm$MH
instanceKlass java/lang/invoke/LambdaForm$reinvoker
instanceKlass java/lang/invoke/LambdaForm$DMH
instanceKlass java/lang/invoke/LambdaForm$BMH
instanceKlass java/lang/invoke/LambdaForm$BMH
instanceKlass java/lang/invoke/LambdaForm$BMH
instanceKlass java/lang/invoke/LambdaForm$BMH
instanceKlass jdk/nashorn/internal/codegen/BranchOptimizer
instanceKlass java/lang/invoke/LambdaForm$MH
instanceKlass java/lang/invoke/LambdaForm$MH
instanceKlass java/lang/invoke/LambdaForm$MH
instanceKlass java/lang/invoke/LambdaForm$BMH
instanceKlass java/lang/invoke/LambdaForm$BMH
instanceKlass java/lang/invoke/LambdaForm$BMH
instanceKlass java/lang/invoke/LambdaForm$BMH
instanceKlass jdk/internal/dynalink/support/ClassMap$1
instanceKlass java/lang/invoke/LambdaForm$BMH
instanceKlass java/lang/invoke/LambdaForm$DMH
instanceKlass java/lang/invoke/LambdaForm$DMH
instanceKlass java/lang/invoke/LambdaForm$BMH
instanceKlass java/lang/invoke/LambdaForm$BMH
instanceKlass java/lang/invoke/LambdaForm$BMH
instanceKlass java/lang/invoke/LambdaForm$DMH
instanceKlass jdk/nashorn/internal/runtime/linker/JavaArgumentConverters
instanceKlass java/lang/invoke/LambdaForm$MH
instanceKlass jdk/internal/dynalink/support/ClassLoaderGetterContextProvider
instanceKlass jdk/internal/dynalink/support/TypeConverterFactory$4
instanceKlass java/lang/invoke/LambdaForm$MH
instanceKlass jdk/nashorn/internal/runtime/ScriptObject$ScriptObjectIterator
instanceKlass jdk/nashorn/api/scripting/ScriptUtils
instanceKlass java/lang/invoke/LambdaForm$BMH
instanceKlass java/lang/invoke/LambdaForm$DMH
instanceKlass java/lang/invoke/LambdaForm$BMH
instanceKlass jdk/nashorn/internal/codegen/ConstantData$ArrayWrapper
instanceKlass jdk/nashorn/internal/parser/Lexer$LexerToken
instanceKlass jdk/nashorn/internal/ir/LiteralNode$ArrayLiteralNode$ArrayLiteralInitializer
instanceKlass java/lang/invoke/LambdaForm$BMH
instanceKlass java/lang/invoke/LambdaForm$BMH
instanceKlass jdk/internal/dynalink/beans/DynamicMethodLinker
